<?xml version="1.0" encoding="UTF-8"?>
<testsuites name="TestSuite 1 For GIT Jenkins" time="25" tests="1" failures="0" errors="0">
   <testsuite name="TestSuite 1 For GIT Jenkins" tests="1" failures="0" errors="0" time="25" timestamp="2019-12-17 20:57:34" hostname="Upendra - 192.168.2.5" id="Test Suites/TestSuite 1 For GIT Jenkins">
      <properties>
         <property name="deviceName" value=""/>
         <property name="devicePlatform" value=""/>
         <property name="logFolder" value="C:\\Users\\Upendra\\git\\Katalon-Repo1\\Reports\\TestSuite 1 For GIT Jenkins\\20191217_205719"/>
         <property name="logFiles" value="C:\\Users\\Upendra\\git\\Katalon-Repo1\\Reports\\TestSuite 1 For GIT Jenkins\\20191217_205719\\execution0.log"/>
         <property name="attachments" value=""/>
         <property name="hostName" value="Upendra - 192.168.2.5"/>
         <property name="os" value="Windows 7 64bit"/>
         <property name="katalonVersion" value="6.1.1.1"/>
         <property name="browser" value="Chrome 71.0.3578.80"/>
         <property name="hostAddress" value="192.168.2.5"/>
         <property name="sessionId" value="4612ede954c7d62a6a7bfcd8561eb827"/>
         <property name="seleniumVersion" value="3.7.1"/>
         <property name="proxyInformation" value="ProxyInformation{proxyOption=NO_PROXY, proxyServerType=HTTP, password=, proxyServerAddress=, proxyServerPort=0}"/>
         <property name="platform" value="Windows 7"/>
      </properties>
      <testcase name="Test Cases/Test case for Git" classname="Test Cases/Test case for Git" status="PASSED">
         <system-out><![CDATA[2019-12-17 20:57:35 - [TEST_CASE][PASSED] - Test Cases/Test case for Git: Test Cases/Test case for Git

2019-12-17 20:57:36 - [TEST_STEP][PASSED] - openBrowser("www.google.com"): Browser is opened with url: 'www.google.com'

2019-12-17 20:57:37 - [MESSAGE][INFO] - Starting 'Chrome' driver

2019-12-17 20:57:38 - [MESSAGE][INFO] - Action delay is set to 0 seconds

2019-12-17 20:57:59 - [MESSAGE][PASSED] - Browser is opened with url: 'www.google.com'

2019-12-17 20:57:59 - [TEST_STEP][PASSED] - closeBrowser(): Browser is closed

2019-12-17 20:58:00 - [MESSAGE][PASSED] - Browser is closed]]></system-out>
         <system-err><![CDATA[]]></system-err>
      </testcase>
      <system-out><![CDATA[2019-12-17 20:57:34 - [TEST_SUITE][PASSED] - TestSuite 1 For GIT Jenkins: Test Cases/Test case for Git]]></system-out>
      <system-err><![CDATA[]]></system-err>
   </testsuite>
</testsuites>
